<?xml version="1.0" encoding="utf-8"?><testsuites name="pytest tests"><testsuite name="pytest" errors="0" failures="0" skipped="0" tests="37" time="9.520" timestamp="2026-09-09T05:07:31.386378+00:00" hostname="agent-env-7368649a-8c25-4b66-b7c6-d6730fba3993"><testcase classname="tests.test_backend.TestAuth" name="test_demo_endpoint_gone" time="0.481" /><testcase classname="tests.test_backend.TestRegression" name="test_scoring_group_has_consultation" time="1.029" /><testcase classname="tests.test_backend.TestAuth" name="test_login_seed" time="0.296" /><testcase classname="tests.test_backend.TestAuth" name="test_login_wrong_password" time="0.289" /><testcase classname="tests.test_backend.TestRegression" name="test_rekap_school" time="0.334" /><testcase classname="tests.test_backend.TestAuth" name="test_register_and_me" time="0.362" /><testcase classname="tests.test_backend.TestRegression" name="test_rekap_comparison" time="0.100" /><testcase classname="tests.test_backend.TestAuth" name="test_register_duplicate" time="0.067" /><testcase classname="tests.test_backend.TestRegression" name="test_audit_individual" time="0.099" /><testcase classname="tests.test_backend.TestAuth" name="test_register_short_password" time="0.082" /><testcase classname="tests.test_backend.TestRegression" name="test_import_excel_valid" time="0.564" /><testcase classname="tests.test_backend.TestAuth" name="test_missing_auth_header" time="0.068" /><testcase classname="tests.test_backend.TestSchoolsCrud" name="test_create_patch_delete_cascade" time="0.435" /><testcase classname="tests.test_backend.TestSchoolsCrud" name="test_delete_class_cascade_and_audit" time="0.396" /><testcase classname="tests.test_backend.TestIsolation" name="test_fresh_user_sees_no_seed_schools" time="0.375" /><testcase classname="tests.test_backend.TestSchoolsCrud" name="test_delete_respondent_and_audit" time="0.226" /><testcase classname="tests.test_backend.TestIsolation" name="test_seed_user_has_smp_tes" time="0.070" /><testcase classname="tests.test_backend.TestIsolation" name="test_seed_user_respondents" time="0.029" /><testcase classname="tests.test_backend.TestIsolation" name="test_konseling_scoped" time="0.102" /><testcase classname="tests.test_backend.TestSchoolsCrud" name="test_class_create_unknown_format" time="0.055" /><testcase classname="tests.test_backend.TestBulk" name="test_bulk_ok" time="0.152" /><testcase classname="tests.test_backend.TestAnalysis" name="test_analysis_individual_deterministic" time="0.226" /><testcase classname="tests.test_backend.TestBulk" name="test_bulk_out_of_range_422" time="0.030" /><testcase classname="tests.test_backend.TestAnalysis" name="test_analysis_group_deterministic" time="0.030" /><testcase classname="tests.test_backend.TestBulk" name="test_bulk_heavy_not_subset_422" time="0.078" /><testcase classname="tests.test_backend.TestAnalysis" name="test_analysis_school_deterministic" time="0.032" /><testcase classname="tests.test_backend.TestAnalysis" name="test_analysis_ai_individual_and_cache" time="5.776" /><testcase classname="tests.test_backend.TestBulk" name="test_bulk_empty_items_400" time="1.322" /><testcase classname="tests.test_backend.TestKonseling" name="test_konseling_only_want_discussion" time="0.279" /><testcase classname="tests.test_backend.TestKonseling" name="test_konseling_patch_status_and_note" time="0.165" /><testcase classname="tests.test_backend.TestKonseling" name="test_konseling_patch_invalid_status" time="0.053" /><testcase classname="tests.test_backend.TestExport" name="test_export_individual_pdf_and_xlsx" time="0.240" /><testcase classname="tests.test_backend.TestExport" name="test_export_group_pdf" time="0.176" /><testcase classname="tests.test_backend" name="test_health" time="0.029" /><testcase classname="tests.test_backend.TestTrend" name="test_trend_seed" time="0.065" /><testcase classname="tests.test_backend.TestFormats" name="test_verification_totals" time="0.072" /><testcase classname="tests.test_backend.TestFormats" name="test_formats_list" time="0.028" /></testsuite></testsuites>