<?xml version="1.0" encoding="utf-8"?><testsuites name="pytest tests"><testsuite name="pytest" errors="0" failures="0" skipped="2" tests="35" time="3.273" timestamp="2026-09-09T03:39:12.075744+00:00" hostname="agent-env-7368649a-8c25-4b66-b7c6-d6730fba3993"><testcase classname="tests.test_backend.TestAuth" name="test_demo_returns_token_and_mode" time="0.251" /><testcase classname="tests.test_backend.TestAuth" name="test_seeded_login" time="0.289" /><testcase classname="tests.test_backend.TestScoring" name="test_scoring_individual" time="0.501" /><testcase classname="tests.test_backend.TestScoring" name="test_scoring_out_of_range" time="0.075" /><testcase classname="tests.test_backend.TestAuth" name="test_login_wrong_password" time="0.291" /><testcase classname="tests.test_backend.TestScoring" name="test_scoring_heavy_not_subset" time="0.215" /><testcase classname="tests.test_backend.TestScoring" name="test_scoring_unknown_format" time="0.042"><skipped type="pytest.xfail" message="score_individual accesses FORMATS[format_id] before validate_selection -&gt; unknown format leaks KeyError as HTTP 500 instead of 400. Backend bug." /></testcase><testcase classname="tests.test_backend.TestScoring" name="test_scoring_group_by_class" time="0.220" /><testcase classname="tests.test_backend.TestScoring" name="test_scoring_group_empty" time="0.070" /><testcase classname="tests.test_backend.TestAuth" name="test_register_and_me" time="0.357" /><testcase classname="tests.test_backend.TestSchools" name="test_demo_schools_shared" time="0.065" /><testcase classname="tests.test_backend.TestAuth" name="test_register_duplicate" time="0.068" /><testcase classname="tests.test_backend.TestAuth" name="test_register_short_password" time="0.281" /><testcase classname="tests.test_backend.TestSchools" name="test_real_school_isolation" time="0.359" /><testcase classname="tests.test_backend.TestSchools" name="test_create_school_and_class" time="0.261" /><testcase classname="tests.test_backend.TestRekap" name="test_rekap_school_demo" time="0.142" /><testcase classname="tests.test_backend.TestRekap" name="test_rekap_school_not_found" time="0.067" /><testcase classname="tests.test_backend.TestRekap" name="test_rekap_comparison" time="0.029" /><testcase classname="tests.test_backend.TestRekap" name="test_rekap_comparison_empty_school" time="0.135" /><testcase classname="tests.test_backend.TestSchools" name="test_create_class_unknown_format" time="0.132" /><testcase classname="tests.test_backend.TestImport" name="test_import_valid" time="0.188" /><testcase classname="tests.test_backend.TestSchools" name="test_create_class_missing_school" time="0.068" /><testcase classname="tests.test_backend.TestExport" name="test_export_individual_xlsx" time="0.156" /><testcase classname="tests.test_backend.TestImport" name="test_import_invalid_transactional" time="0.070" /><testcase classname="tests.test_backend.TestImport" name="test_import_mixed_leading_zero_bug" time="0.087"><skipped type="pytest.xfail" message="parse_problem_numbers stringifies pandas float ('1.0') producing spurious '0' -&gt; heavy not subset of selected. Backend bug." /></testcase><testcase classname="tests.test_backend.TestExport" name="test_export_individual_pdf" time="0.154" /><testcase classname="tests.test_backend.TestAudit" name="test_audit_list" time="0.044" /><testcase classname="tests.test_backend.TestAudit" name="test_audit_individual_breakdown" time="0.055" /><testcase classname="tests.test_backend.TestExport" name="test_export_group_pdf" time="0.070" /><testcase classname="tests.test_backend.TestAudit" name="test_audit_individual_not_found" time="0.066" /><testcase classname="tests.test_backend" name="test_health" time="0.066" /><testcase classname="tests.test_backend.TestFormats" name="test_verification_totals" time="0.044" /><testcase classname="tests.test_backend" name="test_missing_auth_header" time="0.100" /><testcase classname="tests.test_backend.TestFormats" name="test_formats_list" time="0.026" /><testcase classname="tests.test_backend.TestRespondents" name="test_create_respondent_and_result" time="0.077" /></testsuite></testsuites>